[    0.000000] Linux version 4.15.0-200-generic (buildd@lcy02-amd64-069) (gcc version 7.5.0 (Ubuntu 7.5.0-3ubuntu1~18.04)) #211-Ubuntu SMP Thu Nov 24 18:16:04 UTC 2022 (Ubuntu 4.15.0-200.211-generic 4.15.18)
[    0.000000] Command line: BOOT_IMAGE=/boot/vmlinuz-4.15.0-200-generic root=LABEL=cloudimg-rootfs ro console=tty1 console=ttyS0
[    0.000000] KERNEL supported cpus:
[    0.000000]   Intel GenuineIntel
[    0.000000]   AMD AuthenticAMD
[    0.000000]   Centaur CentaurHauls
[    0.000000] x86/fpu: x87 FPU will use FXSAVE
[    0.000000] e820: BIOS-provided physical RAM map:
[    0.000000] BIOS-e820: [mem 0x0000000000000000-0x000000000009fbff] usable
[    0.000000] BIOS-e820: [mem 0x000000000009fc00-0x000000000009ffff] reserved
[    0.000000] BIOS-e820: [mem 0x00000000000f0000-0x00000000000fffff] reserved
[    0.000000] BIOS-e820: [mem 0x0000000000100000-0x000000003ffeffff] usable
[    0.000000] BIOS-e820: [mem 0x000000003fff0000-0x000000003fffffff] ACPI data
[    0.000000] BIOS-e820: [mem 0x00000000fec00000-0x00000000fec00fff] reserved
[    0.000000] BIOS-e820: [mem 0x00000000fee00000-0x00000000fee00fff] reserved
[    0.000000] BIOS-e820: [mem 0x00000000fffc0000-0x00000000ffffffff] reserved
[    0.000000] NX (Execute Disable) protection: active
[    0.000000] SMBIOS 2.5 present.
[    0.000000] DMI: innotek GmbH VirtualBox/VirtualBox, BIOS VirtualBox 12/01/2006
[    0.000000] Hypervisor detected: KVM
[    0.000000] e820: last_pfn = 0x3fff0 max_arch_pfn = 0x400000000
[    0.000000] MTRR: Disabled
[    0.000000] x86/PAT: MTRRs disabled, skipping PAT initialization too.
[    0.000000] CPU MTRRs all blank - virtualized system.
[    0.000000] x86/PAT: Configuration [0-7]: WB  WT  UC- UC  WB  WT  UC- UC  
[    0.000000] found SMP MP-table at [mem 0x0009fff0-0x0009ffff]
[    0.000000] Scanning 1 areas for low memory corruption
[    0.000000] RAMDISK: [mem 0x359c9000-0x36cdbfff]
[    0.000000] ACPI: Early table checksum verification disabled
[    0.000000] ACPI: RSDP 0x00000000000E0000 000024 (v02 VBOX  )
[    0.000000] ACPI: XSDT 0x000000003FFF0030 00003C (v01 VBOX   VBOXXSDT 00000001 ASL  00000061)
[    0.000000] ACPI: FACP 0x000000003FFF00F0 0000F4 (v04 VBOX   VBOXFACP 00000001 ASL  00000061)
[    0.000000] ACPI: DSDT 0x000000003FFF0610 002353 (v02 VBOX   VBOXBIOS 00000002 INTL 20100528)
[    0.000000] ACPI: FACS 0x000000003FFF0200 000040
[    0.000000] ACPI: FACS 0x000000003FFF0200 000040
[    0.000000] ACPI: APIC 0x000000003FFF0240 00005C (v02 VBOX   VBOXAPIC 00000001 ASL  00000061)
[    0.000000] ACPI: SSDT 0x000000003FFF02A0 00036C (v01 VBOX   VBOXCPUT 00000002 INTL 20100528)
[    0.000000] ACPI: Reserving FACP table memory at [mem 0x3fff00f0-0x3fff01e3]
[    0.000000] ACPI: Reserving DSDT table memory at [mem 0x3fff0610-0x3fff2962]
[    0.000000] ACPI: Reserving FACS table memory at [mem 0x3fff0200-0x3fff023f]
[    0.000000] ACPI: Reserving FACS table memory at [mem 0x3fff0200-0x3fff023f]
[    0.000000] ACPI: Reserving APIC table memory at [mem 0x3fff0240-0x3fff029b]
[    0.000000] ACPI: Reserving SSDT table memory at [mem 0x3fff02a0-0x3fff060b]
[    0.000000] No NUMA configuration found
[    0.000000] Faking a node at [mem 0x0000000000000000-0x000000003ffeffff]
[    0.000000] NODE_DATA(0) allocated [mem 0x3ffc5000-0x3ffeffff]
[    0.000000] kvm-clock: cpu 0, msr 0:3ff44001, primary cpu clock
[    0.000000] kvm-clock: Using msrs 4b564d01 and 4b564d00
[    0.000000] kvm-clock: using sched offset of 5867603901 cycles
[    0.000000] clocksource: kvm-clock: mask: 0xffffffffffffffff max_cycles: 0x1cd42e4dffb, max_idle_ns: 881590591483 ns
[    0.000000] Zone ranges:
[    0.000000]   DMA      [mem 0x0000000000001000-0x0000000000ffffff]
[    0.000000]   DMA32    [mem 0x0000000001000000-0x000000003ffeffff]
[    0.000000]   Normal   empty
[    0.000000]   Device   empty
[    0.000000] Movable zone start for each node
[    0.000000] Early memory node ranges
[    0.000000]   node   0: [mem 0x0000000000001000-0x000000000009efff]
[    0.000000]   node   0: [mem 0x0000000000100000-0x000000003ffeffff]
[    0.000000] Reserved but unavailable: 104 pages
[    0.000000] Initmem setup node 0 [mem 0x0000000000001000-0x000000003ffeffff]
[    0.000000] ACPI: PM-Timer IO Port: 0x4008
[    0.000000] IOAPIC[0]: apic_id 2, version 32, address 0xfec00000, GSI 0-23
[    0.000000] ACPI: INT_SRC_OVR (bus 0 bus_irq 0 global_irq 2 dfl dfl)
[    0.000000] ACPI: INT_SRC_OVR (bus 0 bus_irq 9 global_irq 9 low level)
[    0.000000] Using ACPI (MADT) for SMP configuration information
[    0.000000] smpboot: Allowing 2 CPUs, 0 hotplug CPUs
[    0.000000] PM: Registered nosave memory: [mem 0x00000000-0x00000fff]
[    0.000000] PM: Registered nosave memory: [mem 0x0009f000-0x0009ffff]
[    0.000000] PM: Registered nosave memory: [mem 0x000a0000-0x000effff]
[    0.000000] PM: Registered nosave memory: [mem 0x000f0000-0x000fffff]
[    0.000000] e820: [mem 0x40000000-0xfebfffff] available for PCI devices
[    0.000000] Booting paravirtualized kernel on KVM
[    0.000000] clocksource: refined-jiffies: mask: 0xffffffff max_cycles: 0xffffffff, max_idle_ns: 7645519600211568 ns
[    0.000000] setup_percpu: NR_CPUS:8192 nr_cpumask_bits:2 nr_cpu_ids:2 nr_node_ids:1
[    0.000000] percpu: Embedded 50 pages/cpu s167936 r8192 d28672 u1048576
[    0.000000] PV qspinlock hash table entries: 256 (order: 0, 4096 bytes)
[    0.000000] Built 1 zonelists, mobility grouping on.  Total pages: 257913
[    0.000000] Policy zone: DMA32
[    0.000000] Kernel command line: BOOT_IMAGE=/boot/vmlinuz-4.15.0-200-generic root=LABEL=cloudimg-rootfs ro console=tty1 console=ttyS0
[    0.000000] Memory: 982648K/1048120K available (12300K kernel code, 2477K rwdata, 4320K rodata, 2472K init, 2720K bss, 65472K reserved, 0K cma-reserved)
[    0.000000] SLUB: HWalign=64, Order=0-3, MinObjects=0, CPUs=2, Nodes=1
[    0.000000] Kernel/User page tables isolation: enabled
[    0.000000] ftrace: allocating 39478 entries in 155 pages
[    0.004000] Hierarchical RCU implementation.
[    0.004000] 	RCU restricting CPUs from NR_CPUS=8192 to nr_cpu_ids=2.
[    0.004000] 	Tasks RCU enabled.
[    0.004000] RCU: Adjusting geometry for rcu_fanout_leaf=16, nr_cpu_ids=2
[    0.004000] NR_IRQS: 524544, nr_irqs: 440, preallocated irqs: 16
[    0.004000] random: crng init done
[    0.004000] Console: colour VGA+ 80x25
[    0.004000] console [tty1] enabled
[    0.004000] console [ttyS0] enabled
[    0.004000] ACPI: Core revision 20170831
[    0.004000] ACPI: 2 ACPI AML tables successfully acquired and loaded
[    0.004000] APIC: Switch to symmetric I/O mode setup
[    0.004000] ..TIMER: vector=0x30 apic1=0 pin1=2 apic2=-1 pin2=-1
[    0.004011] tsc: Detected 2807.996 MHz processor
[    0.008016] Calibrating delay loop (skipped) preset value.. 5615.99 BogoMIPS (lpj=11231984)
[    0.012015] pid_max: default: 32768 minimum: 301
[    0.016120] Security Framework initialized
[    0.020016] Yama: becoming mindful.
[    0.024135] AppArmor: AppArmor initialized
[    0.037256] Dentry cache hash table entries: 131072 (order: 8, 1048576 bytes)
[    0.046424] Inode-cache hash table entries: 65536 (order: 7, 524288 bytes)
[    0.048102] Mount-cache hash table entries: 2048 (order: 2, 16384 bytes)
[    0.052275] Mountpoint-cache hash table entries: 2048 (order: 2, 16384 bytes)
[    0.062554] Last level iTLB entries: 4KB 64, 2MB 8, 4MB 8
[    0.064008] Last level dTLB entries: 4KB 64, 2MB 0, 4MB 0, 1GB 4
[    0.068020] Spectre V1 : Mitigation: usercopy/swapgs barriers and __user pointer sanitization
[    0.072008] Spectre V2 : Mitigation: Retpolines
[    0.076004] Spectre V2 : Spectre v2 / SpectreRSB mitigation: Filling RSB on context switch
[    0.080006] Speculative Store Bypass: Vulnerable
[    0.084097] MDS: Mitigation: Clear CPU buffers
[    0.088018] MMIO Stale Data: Mitigation: Clear CPU buffers
[    0.092006] SRBDS: Unknown: Dependent on hypervisor status
[    0.096159] Freeing SMP alternatives memory: 36K
[    0.225365] APIC calibration not consistent with PM-Timer: 109ms instead of 100ms
[    0.228000] APIC delta adjusted to PM-Timer: 6468575 (7107023)
[    0.228691] smpboot: CPU0: Intel(R) Core(TM) i7-7700HQ CPU @ 2.80GHz (family: 0x6, model: 0x9e, stepping: 0x9)
[    0.236635] Performance Events: unsupported p6 CPU model 158 no PMU driver, software events only.
[    0.240130] Hierarchical SRCU implementation.
[    0.244904] NMI watchdog: Perf event create on CPU 0 failed with -2
[    0.248005] NMI watchdog: Perf NMI watchdog permanently disabled
[    0.252313] smp: Bringing up secondary CPUs ...
[    0.257320] x86: Booting SMP configuration:
[    0.260004] .... node  #0, CPUs:      #1
[    0.004000] kvm-clock: cpu 1, msr 0:3ff44041, secondary cpu clock
[    0.274682] TSC synchronization [CPU#0 -> CPU#1]:
[    0.276000] Measured 87278 cycles TSC warp between CPUs, turning off TSC clock.
[    0.276000] tsc: Marking TSC unstable due to check_tsc_sync_source failed
[    0.280299] smp: Brought up 1 node, 2 CPUs
[    0.284005] smpboot: Max logical packages: 1
[    0.288005] smpboot: Total of 2 processors activated (11231.98 BogoMIPS)
[    0.296582] devtmpfs: initialized
[    0.300112] x86/mm: Memory block size: 128MB
[    0.304426] evm: security.selinux
[    0.308003] evm: security.SMACK64
[    0.312002] evm: security.SMACK64EXEC
[    0.316005] evm: security.SMACK64TRANSMUTE
[    0.320006] evm: security.SMACK64MMAP
[    0.324002] evm: security.apparmor
[    0.328002] evm: security.ima
[    0.332002] evm: security.capability
[    0.340650] clocksource: jiffies: mask: 0xffffffff max_cycles: 0xffffffff, max_idle_ns: 7645041785100000 ns
[    0.344023] futex hash table entries: 512 (order: 3, 32768 bytes)
[    0.348214] pinctrl core: initialized pinctrl subsystem
[    0.352596] RTC time: 17:23:59, date: 01/08/23
[    0.357653] NET: Registered protocol family 16
[    0.360148] audit: initializing netlink subsys (disabled)
[    0.364236] audit: type=2000 audit(1673198645.177:1): state=initialized audit_enabled=0 res=1
[    0.380012] cpuidle: using governor ladder
[    0.384012] cpuidle: using governor menu
[    0.388045] ACPI: bus type PCI registered
[    0.392004] acpiphp: ACPI Hot Plug PCI Controller Driver version: 0.5
[    0.400005] PCI: Using configuration type 1 for base access
[    0.412338] HugeTLB registered 2.00 MiB page size, pre-allocated 0 pages
[    0.420492] ACPI: Added _OSI(Module Device)
[    0.424008] ACPI: Added _OSI(Processor Device)
[    0.428003] ACPI: Added _OSI(3.0 _SCP Extensions)
[    0.432008] ACPI: Added _OSI(Processor Aggregator Device)
[    0.436013] ACPI: Added _OSI(Linux-Dell-Video)
[    0.440004] ACPI: Added _OSI(Linux-Lenovo-NV-HDMI-Audio)
[    0.444006] ACPI: Added _OSI(Linux-HPI-Hybrid-Graphics)
[    0.449047] ACPI: Executed 1 blocks of module-level executable AML code
[    0.461214] ACPI: Interpreter enabled
[    0.464015] ACPI: (supports S0 S5)
[    0.468003] ACPI: Using IOAPIC for interrupt routing
[    0.472444] PCI: Using host bridge windows from ACPI; if necessary, use "pci=nocrs" and report a bug
[    0.476438] ACPI: Enabled 2 GPEs in block 00 to 07
[    0.494693] ACPI: PCI Root Bridge [PCI0] (domain 0000 [bus 00-ff])
[    0.496010] acpi PNP0A03:00: _OSC: OS supports [ASPM ClockPM Segments MSI]
[    0.501013] acpi PNP0A03:00: _OSC: not requesting OS control; OS requires [ExtendedConfig ASPM ClockPM MSI]
[    0.504017] acpi PNP0A03:00: fail to add MMCONFIG information, can't access extended PCI configuration space under this bridge.
[    0.512877] PCI host bridge to bus 0000:00
[    0.516005] pci_bus 0000:00: root bus resource [io  0x0000-0x0cf7 window]
[    0.520007] pci_bus 0000:00: root bus resource [io  0x0d00-0xffff window]
[    0.524005] pci_bus 0000:00: root bus resource [mem 0x000a0000-0x000bffff window]
[    0.528007] pci_bus 0000:00: root bus resource [mem 0x40000000-0xfdffffff window]
[    0.532011] pci_bus 0000:00: root bus resource [bus 00-ff]
[    0.548000] pci 0000:00:01.1: legacy IDE quirk: reg 0x10: [io  0x01f0-0x01f7]
[    0.548014] pci 0000:00:01.1: legacy IDE quirk: reg 0x14: [io  0x03f6]
[    0.552008] pci 0000:00:01.1: legacy IDE quirk: reg 0x18: [io  0x0170-0x0177]
[    0.556006] pci 0000:00:01.1: legacy IDE quirk: reg 0x1c: [io  0x0376]
[    0.589174] pci 0000:00:07.0: quirk: [io  0x4000-0x403f] claimed by PIIX4 ACPI
[    0.592051] pci 0000:00:07.0: quirk: [io  0x4100-0x410f] claimed by PIIX4 SMB
[    0.608311] ACPI: PCI Interrupt Link [LNKA] (IRQs 5 9 10 *11)
[    0.612667] ACPI: PCI Interrupt Link [LNKB] (IRQs 5 9 *10 11)
[    0.616254] ACPI: PCI Interrupt Link [LNKC] (IRQs 5 *9 10 11)
[    0.620314] ACPI: PCI Interrupt Link [LNKD] (IRQs 5 9 10 *11)
[    0.629018] SCSI subsystem initialized
[    0.632254] pci 0000:00:02.0: vgaarb: setting as boot VGA device
[    0.636000] pci 0000:00:02.0: vgaarb: VGA device added: decodes=io+mem,owns=io+mem,locks=none
[    0.636010] pci 0000:00:02.0: vgaarb: bridge control possible
[    0.640003] vgaarb: loaded
[    0.644021] ACPI: bus type USB registered
[    0.648035] usbcore: registered new interface driver usbfs
[    0.652023] usbcore: registered new interface driver hub
[    0.656062] usbcore: registered new device driver usb
[    0.660371] EDAC MC: Ver: 3.0.0
[    0.668443] PCI: Using ACPI for IRQ routing
[    0.676218] NetLabel: Initializing
[    0.680002] NetLabel:  domain hash size = 128
[    0.684002] NetLabel:  protocols = UNLABELED CIPSOv4 CALIPSO
[    0.688034] NetLabel:  unlabeled traffic allowed by default
[    0.692385] clocksource: Switched to clocksource kvm-clock
[    0.717882] VFS: Disk quotas dquot_6.6.0
[    0.717882] VFS: Dquot-cache hash table entries: 512 (order 0, 4096 bytes)
[    0.717882] AppArmor: AppArmor Filesystem Enabled
[    0.717882] pnp: PnP ACPI init
[    0.717882] pnp: PnP ACPI: found 3 devices
[    0.831565] clocksource: acpi_pm: mask: 0xffffff max_cycles: 0xffffff, max_idle_ns: 2085701024 ns
[    0.832337] NET: Registered protocol family 2
[    0.832337] IP idents hash table entries: 16384 (order: 5, 131072 bytes)
[    0.856110] TCP established hash table entries: 8192 (order: 4, 65536 bytes)
[    0.864394] TCP bind hash table entries: 8192 (order: 5, 131072 bytes)
[    0.868042] TCP: Hash tables configured (established 8192 bind 8192)
[    0.868042] UDP hash table entries: 512 (order: 2, 16384 bytes)
[    0.868042] UDP-Lite hash table entries: 512 (order: 2, 16384 bytes)
[    0.868042] NET: Registered protocol family 1
[    0.868042] pci 0000:00:00.0: Limiting direct PCI/PCI transfers
[    0.868042] pci 0000:00:01.0: Activating ISA DMA hang workarounds
[    0.868042] pci 0000:00:02.0: Video device with shadowed ROM at [mem 0x000c0000-0x000dffff]
[    0.868042] Unpacking initramfs...
[    0.984163] Freeing initrd memory: 19532K
[    1.460715] clocksource: tsc: mask: 0xffffffffffffffff max_cycles: 0x2879c1f082b, max_idle_ns: 440795218555 ns
[    1.482186] platform rtc_cmos: registered platform RTC device (no PNP device found)
[    1.493117] Scanning for low memory corruption every 60 seconds
[    1.506195] Initialise system trusted keyrings
[    1.511765] Key type blacklist registered
[    1.518162] workingset: timestamp_bits=36 max_order=18 bucket_order=0
[    1.532591] zbud: loaded
[    1.539088] squashfs: version 4.0 (2009/01/31) Phillip Lougher
[    1.547166] fuse init (API version 7.26)
[    1.607825] Key type asymmetric registered
[    1.614504] Asymmetric key parser 'x509' registered
[    1.620562] Block layer SCSI generic (bsg) driver version 0.4 loaded (major 246)
[    1.629985] io scheduler noop registered
[    1.634371] io scheduler deadline registered
[    1.639234] io scheduler cfq registered (default)
[    1.646269] ACPI: AC Adapter [AC] (on-line)
[    1.651409] input: Power Button as /devices/LNXSYSTM:00/LNXPWRBN:00/input/input0
[    1.661358] ACPI: Power Button [PWRF]
[    1.666100] input: Sleep Button as /devices/LNXSYSTM:00/LNXSLPBN:00/input/input1
[    1.669778] ACPI: Sleep Button [SLPF]
[    1.682117] ACPI: Battery Slot [BAT0] (battery present)
[    1.688276] Serial: 8250/16550 driver, 32 ports, IRQ sharing enabled
    1.700222] 00:02: ttyS0 at I/O 0x3f8 (irq = 4, base_baud = 115200) is a 16550A
[    2.034541] Linux agpgart interface v0.103
[    2.053042] loop: module loaded
[    2.061187] scsi host0: ata_piix
[    2.066768] scsi host1: ata_piix
[    2.071045] ata1: PATA max UDMA/33 cmd 0x1f0 ctl 0x3f6 bmdma 0xd000 irq 14
[    2.074939] ata2: PATA max UDMA/33 cmd 0x170 ctl 0x376 bmdma 0xd008 irq 15
[    2.086515] tun: Universal TUN/TAP device driver, 1.6
[    2.093244] PPP generic driver version 2.4.2
[    2.098927] ehci_hcd: USB 2.0 'Enhanced' Host Controller (EHCI) Driver
[    2.106927] ehci-pci: EHCI PCI platform driver
[    2.112138] ehci-platform: EHCI generic platform driver
[    2.117976] ohci_hcd: USB 1.1 'Open' Host Controller (OHCI) Driver
[    2.124992] ohci-pci: OHCI PCI platform driver
[    2.130471] ohci-platform: OHCI generic platform driver
[    2.136727] uhci_hcd: USB Universal Host Controller Interface driver
[    2.144202] i8042: PNP: PS/2 Controller [PNP0303:PS2K,PNP0f03:PS2M] at 0x60,0x64 irq 1,12
[    2.158200] serio: i8042 KBD port at 0x60,0x64 irq 1
[    2.164226] serio: i8042 AUX port at 0x60,0x64 irq 12
[    2.171708] mousedev: PS/2 mouse device common for all mice
[    2.183258] rtc_cmos rtc_cmos: rtc core: registered rtc_cmos as rtc0
[    2.192420] input: AT Translated Set 2 keyboard as /devices/platform/i8042/serio0/input/input2
[    2.202170] rtc_cmos rtc_cmos: alarms up to one day, 114 bytes nvram
[    2.209789] i2c /dev entries driver
[    2.215225] device-mapper: uevent: version 1.0.3
[    2.221639] device-mapper: ioctl: 4.37.0-ioctl (2017-09-20) initialised: dm-devel@redhat.com
[    2.232088] ledtrig-cpu: registered to indicate activity on CPUs
[    2.244595] NET: Registered protocol family 10
[    2.290994] Segment Routing with IPv6
[    2.295862] NET: Registered protocol family 17
[    2.300919] Key type dns_resolver registered
[    2.311251] mce: Using 0 MCE banks
[    2.315716] RAS: Correctable Errors collector initialized.
[    2.322155] sched_clock: Marking stable (2322093091, 0)->(3440364389, -1118271298)
[    2.335159] registered taskstats version 1
[    2.340814] Loading compiled-in X.509 certificates
[    2.350594] Loaded X.509 cert 'Build time autogenerated kernel key: 29e5beaa583364da097e68c9386761f80dbce7ef'
[    2.362753] Loaded X.509 cert 'Canonical Ltd. Live Patch Signing: 14df34d1a87cf37625abec039ef2bf521249b969'
[    2.373830] Loaded X.509 cert 'Canonical Ltd. Kernel Module Signing: 88f752e560a1e0737e31163a466ad7b70a850c19'
[    2.384725] blacklist: Loading compiled-in revocation X.509 certificates
[    2.392449] Loaded X.509 cert 'Canonical Ltd. Secure Boot Signing: 61482aa2830d0ab2ad5af10b7250da9033ddcef0'
[    2.403471] zswap: loaded using pool lzo/zbud
[    2.418651] Key type big_key registered
[    2.423505] Key type trusted registered
[    2.431763] Key type encrypted registered
[    2.437141] AppArmor: AppArmor sha1 policy hashing enabled
[    2.443246] ima: No TPM chip found, activating TPM-bypass! (rc=-19)
[    2.450690] ima: Allocated hash algorithm: sha1
[    2.455943] evm: HMAC attrs: 0x1
[    2.460846]   Magic number: 7:196:390
[    2.465975] rtc_cmos rtc_cmos: setting system clock to 2023-01-08 17:24:01 UTC (1673198641)
[    2.476339] BIOS EDD facility v0.16 2004-Jun-25, 0 devices found
[    2.483563] EDD information not available.
[    2.491927] Freeing unused kernel image memory: 2472K
[    2.519788] Write protecting the kernel read-only data: 20480k
[    2.528682] Freeing unused kernel image memory: 2008K
[    2.535171] Freeing unused kernel image memory: 1824K
[    2.546811] x86/mm: Checked W+X mappings: passed, no W+X pages found.
[    2.553818] x86/mm: Checking user space page tables
[    2.564206] x86/mm: Checked W+X mappings: passed, no W+X pages found.
Loading, please wait...
starting version 237
[    2.662429] e1000: Intel(R) PRO/1000 Network Driver - version 7.3.21-k8-NAPI
[    2.670621] e1000: Copyright (c) 1999-2006 Intel Corporation.
[    2.690650] Fusion MPT base driver 3.04.20
[    2.695944] Copyright (c) 1999-2008 LSI Corporation
[    2.760875] Fusion MPT SPI Host driver 3.04.20
[    2.770310] SSE version of gcm_enc/dec engaged.
[    2.974604] input: ImExPS/2 Generic Explorer Mouse as /devices/platform/i8042/serio1/input/input4
[    3.500716] e1000 0000:00:03.0 eth0: (PCI:33MHz:32-bit) 02:40:49:ac:f0:20
[    3.508473] e1000 0000:00:03.0 eth0: Intel(R) PRO/1000 Network Connection
[    3.521368] e1000 0000:00:03.0 enp0s3: renamed from eth0
[    3.528719] mptbase: ioc0: Initiating bringup
[    3.647619] ioc0: LSI53C1030 A0: Capabilities={Initiator}
[    3.910137] scsi host2: ioc0: LSI53C1030 A0, FwRev=00000000h, Ports=1, MaxQ=256, IRQ=20
[    4.086334] scsi 2:0:0:0: Direct-Access     VBOX     HARDDISK         1.0  PQ: 0 ANSI: 5
[    4.124882] scsi target2:0:0: Beginning Domain Validation
[    4.140869] scsi target2:0:0: Domain Validation skipping write tests
[    4.148081] scsi target2:0:0: Ending Domain Validation
[    4.154593] scsi target2:0:0: asynchronous
[    4.162316] scsi 2:0:1:0: Direct-Access     VBOX     HARDDISK         1.0  PQ: 0 ANSI: 5
[    4.550404] scsi target2:0:1: Beginning Domain Validation
[    4.565654] scsi target2:0:1: Domain Validation skipping write tests
[    4.572590] scsi target2:0:1: Ending Domain Validation
[    4.579102] scsi target2:0:1: asynchronous
[    4.600951] sd 2:0:0:0: [sda] 83886080 512-byte logical blocks: (42.9 GB/40.0 GiB)
[    4.609985] sd 2:0:0:0: Attached scsi generic sg0 type 0
[    4.617066] sd 2:0:0:0: [sda] Write Protect is off
[    4.619134] sd 2:0:1:0: [sdb] 20480 512-byte logical blocks: (10.5 MB/10.0 MiB)
[    4.632550] sd 2:0:1:0: Attached scsi generic sg1 type 0
[    4.640252] sd 2:0:1:0: [sdb] Write Protect is off
[    4.640420] sd 2:0:0:0: [sda] Incomplete mode parameter data
[    4.653651] sd 2:0:0:0: [sda] Assuming drive cache: write through
[    4.662185] sd 2:0:1:0: [sdb] Incomplete mode parameter data
[    4.668576] sd 2:0:1:0: [sdb] Assuming drive cache: write through
[    4.719569]  sda: sda1
[    4.728686] sd 2:0:0:0: [sda] Attached SCSI disk
[    4.734876] sd 2:0:1:0: [sdb] Attached SCSI disk
Begin: Loading essential drivers ... 